<?xml version="1.0" encoding="UTF-8"?>
<testng-results skipped="0" failed="0" total="1" passed="1">
  <reporter-output>
  </reporter-output>
  <suite name="Suite1" duration-ms="12772" started-at="2017-04-22T15:36:24Z" finished-at="2017-04-22T15:36:37Z">
    <groups>
    </groups>
    <test name="regression" duration-ms="12772" started-at="2017-04-22T15:36:24Z" finished-at="2017-04-22T15:36:37Z">
      <class name="com.catalog.tests.Logoff">
        <test-method status="PASS" signature="setup(java.lang.String)[pri:0, instance:com.catalog.tests.Logoff@174d20a]" name="setup" is-config="true" duration-ms="1721" started-at="2017-04-22T08:36:24Z" finished-at="2017-04-22T08:36:26Z">
          <params>
            <param index="0">
              <value>
                <![CDATA[Chrome]]>
              </value>
            </param>
          </params>
          <reporter-output>
          </reporter-output>
        </test-method> <!-- setup -->
        <test-method status="PASS" signature="navigate(java.lang.String)[pri:0, instance:com.catalog.tests.Logoff@174d20a]" name="navigate" is-config="true" duration-ms="587" started-at="2017-04-22T08:36:26Z" finished-at="2017-04-22T08:36:26Z">
          <params>
            <param index="0">
              <value>
                <![CDATA[Chrome]]>
              </value>
            </param>
          </params>
          <reporter-output>
          </reporter-output>
        </test-method> <!-- navigate -->
        <test-method status="PASS" signature="testLogin01()[pri:0, instance:com.catalog.tests.Logoff@174d20a]" name="testLogin01" duration-ms="10385" started-at="2017-04-22T08:36:26Z" finished-at="2017-04-22T08:36:37Z">
          <reporter-output>
          </reporter-output>
        </test-method> <!-- testLogin01 -->
        <test-method status="PASS" signature="after(org.testng.ITestResult)[pri:0, instance:com.catalog.tests.Logoff@174d20a]" name="after" is-config="true" duration-ms="71" started-at="2017-04-22T08:36:37Z" finished-at="2017-04-22T08:36:37Z">
          <params>
            <param index="0">
              <value>
                <![CDATA[[TestResult name=testLogin01 status=SUCCESS method=Logoff.testLogin01()[pri:0, instance:com.catalog.tests.Logoff@174d20a] output={null}]]]>
              </value>
            </param>
          </params>
          <reporter-output>
          </reporter-output>
        </test-method> <!-- after -->
      </class> <!-- com.catalog.tests.Logoff -->
    </test> <!-- regression -->
  </suite> <!-- Suite1 -->
</testng-results>
